[0419/082632.584:ERROR:process_reader_win.cc(151)] SuspendThread: Access is denied. (0x5)
[0419/082632.584:ERROR:process_reader_win.cc(151)] SuspendThread: Access is denied. (0x5)
[0419/082632.585:ERROR:process_reader_win.cc(151)] SuspendThread: Access is denied. (0x5)
[0419/082632.585:ERROR:process_reader_win.cc(151)] SuspendThread: Access is denied. (0x5)
[0419/082632.585:ERROR:process_reader_win.cc(151)] SuspendThread: Access is denied. (0x5)
[0419/082632.585:ERROR:process_reader_win.cc(151)] SuspendThread: Access is denied. (0x5)
[0419/082632.585:ERROR:process_reader_win.cc(151)] SuspendThread: Access is denied. (0x5)
[0419/082632.585:ERROR:process_reader_win.cc(151)] SuspendThread: Access is denied. (0x5)
[0419/082632.585:ERROR:process_reader_win.cc(151)] SuspendThread: Access is denied. (0x5)
[0419/082632.585:ERROR:process_reader_win.cc(151)] SuspendThread: Access is denied. (0x5)
[0419/082632.590:ERROR:process_reader_win.cc(151)] SuspendThread: Access is denied. (0x5)
[0419/082632.590:ERROR:process_reader_win.cc(151)] SuspendThread: Access is denied. (0x5)
[0419/082632.590:ERROR:process_reader_win.cc(151)] SuspendThread: Access is denied. (0x5)
[0419/082632.590:ERROR:process_reader_win.cc(151)] SuspendThread: Access is denied. (0x5)
[0419/082632.590:ERROR:process_reader_win.cc(151)] SuspendThread: Access is denied. (0x5)
[0419/082632.590:ERROR:process_reader_win.cc(151)] SuspendThread: Access is denied. (0x5)
[0419/082632.590:ERROR:process_reader_win.cc(123)] NtOpenThread: {Access Denied} A process has requested access to an object, but has not been granted those access rights. (0xc0000022)
[0419/082632.591:ERROR:exception_snapshot_win.cc(98)] thread ID 23520 not found in process
[0419/082632.590:ERROR:process_reader_win.cc(123)] NtOpenThread: {Access Denied} A process has requested access to an object, but has not been granted those access rights. (0xc0000022)
[0419/082632.591:ERROR:exception_snapshot_win.cc(98)] thread ID 6220 not found in process
[0419/192651.617:ERROR:process_reader_win.cc(151)] SuspendThread: Access is denied. (0x5)
[0419/192651.620:ERROR:process_reader_win.cc(151)] SuspendThread: Access is denied. (0x5)
[0419/192651.620:ERROR:process_reader_win.cc(151)] SuspendThread: Access is denied. (0x5)
[0419/192651.620:ERROR:process_reader_win.cc(151)] SuspendThread: Access is denied. (0x5)
[0419/192651.620:ERROR:process_reader_win.cc(151)] SuspendThread: Access is denied. (0x5)
[0419/192651.620:ERROR:process_reader_win.cc(151)] SuspendThread: Access is denied. (0x5)
[0419/192651.620:ERROR:process_reader_win.cc(123)] NtOpenThread: {Access Denied} A process has requested access to an object, but has not been granted those access rights. (0xc0000022)
[0419/192651.621:ERROR:exception_snapshot_win.cc(98)] thread ID 7360 not found in process
[0420/111612.902:ERROR:process_reader_win.cc(123)] NtOpenThread: {Access Denied} A process has requested access to an object, but has not been granted those access rights. (0xc0000022)
[0420/111612.904:ERROR:exception_snapshot_win.cc(98)] thread ID 19596 not found in process
[0420/111613.023:ERROR:process_reader_win.cc(123)] NtOpenThread: {Access Denied} A process has requested access to an object, but has not been granted those access rights. (0xc0000022)
[0420/111613.025:ERROR:exception_snapshot_win.cc(98)] thread ID 2148 not found in process
[0420/111613.142:ERROR:process_reader_win.cc(151)] SuspendThread: Access is denied. (0x5)
[0420/111613.143:ERROR:process_reader_win.cc(151)] SuspendThread: Access is denied. (0x5)
[0420/111613.143:ERROR:process_reader_win.cc(151)] SuspendThread: Access is denied. (0x5)
[0420/111613.143:ERROR:process_reader_win.cc(151)] SuspendThread: Access is denied. (0x5)
[0420/111613.143:ERROR:process_reader_win.cc(151)] SuspendThread: Access is denied. (0x5)
[0420/111613.143:ERROR:process_reader_win.cc(123)] NtOpenThread: {Access Denied} A process has requested access to an object, but has not been granted those access rights. (0xc0000022)
[0420/111613.144:ERROR:exception_snapshot_win.cc(98)] thread ID 24920 not found in process
[0420/111613.210:ERROR:process_reader_win.cc(151)] SuspendThread: Access is denied. (0x5)
[0420/111613.212:ERROR:process_reader_win.cc(123)] NtOpenThread: {Access Denied} A process has requested access to an object, but has not been granted those access rights. (0xc0000022)
[0420/111613.213:ERROR:exception_snapshot_win.cc(98)] thread ID 32320 not found in process
[0420/113358.995:ERROR:process_reader_win.cc(123)] NtOpenThread: {Access Denied} A process has requested access to an object, but has not been granted those access rights. (0xc0000022)
[0420/113358.997:ERROR:exception_snapshot_win.cc(98)] thread ID 26496 not found in process
[0420/113359.132:ERROR:process_reader_win.cc(151)] SuspendThread: Access is denied. (0x5)
[0420/113359.134:ERROR:process_reader_win.cc(151)] SuspendThread: Access is denied. (0x5)
[0420/113359.134:ERROR:process_reader_win.cc(151)] SuspendThread: Access is denied. (0x5)
[0420/113359.134:ERROR:process_reader_win.cc(151)] SuspendThread: Access is denied. (0x5)
[0420/113359.134:ERROR:process_reader_win.cc(123)] NtOpenThread: {Access Denied} A process has requested access to an object, but has not been granted those access rights. (0xc0000022)
[0420/113359.134:ERROR:exception_snapshot_win.cc(98)] thread ID 32520 not found in process
[0420/113359.232:ERROR:process_reader_win.cc(123)] NtOpenThread: {Access Denied} A process has requested access to an object, but has not been granted those access rights. (0xc0000022)
[0420/113359.233:ERROR:exception_snapshot_win.cc(98)] thread ID 18688 not found in process
[0420/113359.356:ERROR:process_reader_win.cc(123)] NtOpenThread: {Access Denied} A process has requested access to an object, but has not been granted those access rights. (0xc0000022)
[0420/113359.357:ERROR:exception_snapshot_win.cc(98)] thread ID 3688 not found in process
[0420/113359.486:ERROR:process_reader_win.cc(151)] SuspendThread: Access is denied. (0x5)
[0420/113359.488:ERROR:process_reader_win.cc(151)] SuspendThread: Access is denied. (0x5)
[0420/113359.488:ERROR:process_reader_win.cc(151)] SuspendThread: Access is denied. (0x5)
[0420/113359.488:ERROR:process_reader_win.cc(151)] SuspendThread: Access is denied. (0x5)
[0420/113359.488:ERROR:process_reader_win.cc(151)] SuspendThread: Access is denied. (0x5)
[0420/113359.488:ERROR:process_reader_win.cc(151)] SuspendThread: Access is denied. (0x5)
[0420/113359.488:ERROR:process_reader_win.cc(151)] SuspendThread: Access is denied. (0x5)
[0420/113359.488:ERROR:process_reader_win.cc(123)] NtOpenThread: {Access Denied} A process has requested access to an object, but has not been granted those access rights. (0xc0000022)
[0420/113359.490:ERROR:exception_snapshot_win.cc(98)] thread ID 30064 not found in process
[0420/113359.553:ERROR:process_reader_win.cc(151)] SuspendThread: Access is denied. (0x5)
[0420/113359.554:ERROR:process_reader_win.cc(151)] SuspendThread: Access is denied. (0x5)
[0420/113359.554:ERROR:process_reader_win.cc(151)] SuspendThread: Access is denied. (0x5)
[0420/113359.554:ERROR:process_reader_win.cc(151)] SuspendThread: Access is denied. (0x5)
[0420/113359.554:ERROR:process_reader_win.cc(151)] SuspendThread: Access is denied. (0x5)
[0420/113359.554:ERROR:process_reader_win.cc(151)] SuspendThread: Access is denied. (0x5)
[0420/113359.554:ERROR:process_reader_win.cc(151)] SuspendThread: Access is denied. (0x5)
[0420/113359.554:ERROR:process_reader_win.cc(123)] NtOpenThread: {Access Denied} A process has requested access to an object, but has not been granted those access rights. (0xc0000022)
[0420/113359.555:ERROR:exception_snapshot_win.cc(98)] thread ID 756 not found in process
[0420/113359.621:ERROR:process_reader_win.cc(151)] SuspendThread: Access is denied. (0x5)
[0420/113359.626:ERROR:process_reader_win.cc(151)] SuspendThread: Access is denied. (0x5)
[0420/113359.626:ERROR:process_reader_win.cc(151)] SuspendThread: Access is denied. (0x5)
[0420/113359.626:ERROR:process_reader_win.cc(151)] SuspendThread: Access is denied. (0x5)
[0420/113359.626:ERROR:process_reader_win.cc(151)] SuspendThread: Access is denied. (0x5)
[0420/113359.626:ERROR:process_reader_win.cc(151)] SuspendThread: Access is denied. (0x5)
[0420/113359.626:ERROR:process_reader_win.cc(151)] SuspendThread: Access is denied. (0x5)
[0420/113359.626:ERROR:process_reader_win.cc(123)] NtOpenThread: {Access Denied} A process has requested access to an object, but has not been granted those access rights. (0xc0000022)
[0420/113359.627:ERROR:exception_snapshot_win.cc(98)] thread ID 32416 not found in process
[0420/202924.427:ERROR:process_reader_win.cc(151)] SuspendThread: Access is denied. (0x5)
[0420/202924.429:ERROR:process_reader_win.cc(151)] SuspendThread: Access is denied. (0x5)
[0420/202924.429:ERROR:process_reader_win.cc(151)] SuspendThread: Access is denied. (0x5)
[0420/202924.429:ERROR:process_reader_win.cc(123)] NtOpenThread: {Access Denied} A process has requested access to an object, but has not been granted those access rights. (0xc0000022)
[0420/202924.430:ERROR:exception_snapshot_win.cc(98)] thread ID 20992 not found in process
[0420/202925.399:ERROR:process_reader_win.cc(151)] SuspendThread: Access is denied. (0x5)
[0420/202925.402:ERROR:process_reader_win.cc(151)] SuspendThread: Access is denied. (0x5)
[0420/202925.402:ERROR:process_reader_win.cc(151)] SuspendThread: Access is denied. (0x5)
[0420/202925.402:ERROR:process_reader_win.cc(151)] SuspendThread: Access is denied. (0x5)
[0420/202925.402:ERROR:process_reader_win.cc(151)] SuspendThread: Access is denied. (0x5)
[0420/202925.402:ERROR:process_reader_win.cc(151)] SuspendThread: Access is denied. (0x5)
[0420/202925.402:ERROR:process_reader_win.cc(151)] SuspendThread: Access is denied. (0x5)
[0420/202925.402:ERROR:process_reader_win.cc(123)] NtOpenThread: {Access Denied} A process has requested access to an object, but has not been granted those access rights. (0xc0000022)
[0420/202925.403:ERROR:exception_snapshot_win.cc(98)] thread ID 8740 not found in process
[0420/202925.486:ERROR:process_reader_win.cc(151)] SuspendThread: Access is denied. (0x5)
[0420/202925.487:ERROR:process_reader_win.cc(151)] SuspendThread: Access is denied. (0x5)
[0420/202925.487:ERROR:process_reader_win.cc(151)] SuspendThread: Access is denied. (0x5)
[0420/202925.487:ERROR:process_reader_win.cc(151)] SuspendThread: Access is denied. (0x5)
[0420/202925.487:ERROR:process_reader_win.cc(151)] SuspendThread: Access is denied. (0x5)
[0420/202925.487:ERROR:process_reader_win.cc(151)] SuspendThread: Access is denied. (0x5)
[0420/202925.487:ERROR:process_reader_win.cc(151)] SuspendThread: Access is denied. (0x5)
[0420/202925.487:ERROR:process_reader_win.cc(123)] NtOpenThread: {Access Denied} A process has requested access to an object, but has not been granted those access rights. (0xc0000022)
[0420/202925.488:ERROR:exception_snapshot_win.cc(98)] thread ID 18576 not found in process
[0504/092016.761:ERROR:process_reader_win.cc(151)] SuspendThread: Access is denied. (0x5)
[0504/092016.763:ERROR:process_reader_win.cc(151)] SuspendThread: Access is denied. (0x5)
[0504/092016.763:ERROR:process_reader_win.cc(151)] SuspendThread: Access is denied. (0x5)
[0504/092016.763:ERROR:process_reader_win.cc(151)] SuspendThread: Access is denied. (0x5)
[0504/092016.763:ERROR:process_reader_win.cc(151)] SuspendThread: Access is denied. (0x5)
[0504/092016.763:ERROR:process_reader_win.cc(151)] SuspendThread: Access is denied. (0x5)
[0504/092016.763:ERROR:process_reader_win.cc(151)] SuspendThread: Access is denied. (0x5)
[0504/092016.763:ERROR:process_reader_win.cc(151)] SuspendThread: Access is denied. (0x5)
[0504/092016.763:ERROR:process_reader_win.cc(123)] NtOpenThread: {Access Denied} A process has requested access to an object, but has not been granted those access rights. (0xc0000022)
[0504/092016.764:ERROR:exception_snapshot_win.cc(98)] thread ID 34868 not found in process
[0504/122914.572:ERROR:process_reader_win.cc(151)] SuspendThread: Access is denied. (0x5)
[0504/122914.574:ERROR:process_reader_win.cc(151)] SuspendThread: Access is denied. (0x5)
[0504/122914.574:ERROR:process_reader_win.cc(151)] SuspendThread: Access is denied. (0x5)
[0504/122914.574:ERROR:process_reader_win.cc(151)] SuspendThread: Access is denied. (0x5)
[0504/122914.574:ERROR:process_reader_win.cc(151)] SuspendThread: Access is denied. (0x5)
[0504/122914.574:ERROR:process_reader_win.cc(151)] SuspendThread: Access is denied. (0x5)
[0504/122914.574:ERROR:process_reader_win.cc(151)] SuspendThread: Access is denied. (0x5)
[0504/122914.574:ERROR:process_reader_win.cc(151)] SuspendThread: Access is denied. (0x5)
[0504/122914.574:ERROR:process_reader_win.cc(151)] SuspendThread: Access is denied. (0x5)
[0504/122914.574:ERROR:process_reader_win.cc(151)] SuspendThread: Access is denied. (0x5)
[0504/122914.574:ERROR:process_reader_win.cc(151)] SuspendThread: Access is denied. (0x5)
[0504/122914.575:ERROR:process_reader_win.cc(151)] SuspendThread: Access is denied. (0x5)
[0504/122914.575:ERROR:process_reader_win.cc(151)] SuspendThread: Access is denied. (0x5)
[0504/122914.575:ERROR:process_reader_win.cc(151)] SuspendThread: Access is denied. (0x5)
[0504/122914.575:ERROR:process_reader_win.cc(151)] SuspendThread: Access is denied. (0x5)
[0504/122914.575:ERROR:process_reader_win.cc(151)] SuspendThread: Access is denied. (0x5)
[0504/122914.575:ERROR:process_reader_win.cc(151)] SuspendThread: Access is denied. (0x5)
[0504/122914.575:ERROR:exception_snapshot_win.cc(98)] thread ID 42420 not found in process
[0506/090802.490:ERROR:filesystem_win.cc(148)] DeleteFile C:\Users\mauguzun\AppData\Local\Temp\scoped_dir99444_30906\Crashpad\reports\6c6ecfad-5243-4aa9-91c2-bcec458ca9c2.dmp: The process cannot access the file because it is being used by another process. (0x20)
[0903/084459.005:ERROR:prune_crash_reports.cc(34)] PruneCrashReportDatabase: Failed to get pending reports
[1004/085055.737:ERROR:prune_crash_reports.cc(34)] PruneCrashReportDatabase: Failed to get pending reports
[1028/135730.133:ERROR:prune_crash_reports.cc(34)] PruneCrashReportDatabase: Failed to get pending reports
[1030/104807.643:ERROR:prune_crash_reports.cc(34)] PruneCrashReportDatabase: Failed to get pending reports
