[0416/212815.172:ERROR:process_reader_win.cc(151)] SuspendThread: Access is denied. (0x5)
[0416/212815.447:ERROR:process_reader_win.cc(151)] SuspendThread: Access is denied. (0x5)
[0416/212815.448:ERROR:process_reader_win.cc(151)] SuspendThread: Access is denied. (0x5)
[0416/212815.449:ERROR:process_reader_win.cc(151)] SuspendThread: Access is denied. (0x5)
[0416/212815.450:ERROR:process_reader_win.cc(151)] SuspendThread: Access is denied. (0x5)
[0416/212815.450:ERROR:process_reader_win.cc(123)] NtOpenThread: {Access Denied} A process has requested access to an object, but has not been granted those access rights. (0xc0000022)
[0416/212815.455:ERROR:exception_snapshot_win.cc(98)] thread ID 26200 not found in process
[0417/082600.089:ERROR:process_reader_win.cc(151)] SuspendThread: Access is denied. (0x5)
[0417/082600.662:ERROR:process_reader_win.cc(151)] SuspendThread: Access is denied. (0x5)
[0417/082600.662:ERROR:process_reader_win.cc(151)] SuspendThread: Access is denied. (0x5)
[0417/082600.662:ERROR:process_reader_win.cc(151)] SuspendThread: Access is denied. (0x5)
[0417/082600.662:ERROR:process_reader_win.cc(151)] SuspendThread: Access is denied. (0x5)
[0417/082600.662:ERROR:process_reader_win.cc(151)] SuspendThread: Access is denied. (0x5)
[0417/082600.663:ERROR:process_reader_win.cc(151)] SuspendThread: Access is denied. (0x5)
[0417/082600.663:ERROR:process_reader_win.cc(123)] NtOpenThread: {Access Denied} A process has requested access to an object, but has not been granted those access rights. (0xc0000022)
[0417/082600.734:ERROR:exception_snapshot_win.cc(98)] thread ID 16536 not found in process
[0417/082601.562:ERROR:process_reader_win.cc(151)] SuspendThread: Access is denied. (0x5)
[0417/082601.566:ERROR:process_reader_win.cc(151)] SuspendThread: Access is denied. (0x5)
[0417/082601.566:ERROR:process_reader_win.cc(151)] SuspendThread: Access is denied. (0x5)
[0417/082601.566:ERROR:process_reader_win.cc(151)] SuspendThread: Access is denied. (0x5)
[0417/082601.566:ERROR:process_reader_win.cc(151)] SuspendThread: Access is denied. (0x5)
[0417/082601.566:ERROR:process_reader_win.cc(123)] NtOpenThread: {Access Denied} A process has requested access to an object, but has not been granted those access rights. (0xc0000022)
[0417/082601.567:ERROR:exception_snapshot_win.cc(98)] thread ID 14704 not found in process
[0417/082602.029:ERROR:process_reader_win.cc(151)] SuspendThread: Access is denied. (0x5)
[0417/082602.030:ERROR:process_reader_win.cc(151)] SuspendThread: Access is denied. (0x5)
[0417/082602.030:ERROR:process_reader_win.cc(151)] SuspendThread: Access is denied. (0x5)
[0417/082602.030:ERROR:process_reader_win.cc(151)] SuspendThread: Access is denied. (0x5)
[0417/082602.030:ERROR:process_reader_win.cc(151)] SuspendThread: Access is denied. (0x5)
[0417/082602.030:ERROR:process_reader_win.cc(151)] SuspendThread: Access is denied. (0x5)
[0417/082602.030:ERROR:process_reader_win.cc(151)] SuspendThread: Access is denied. (0x5)
[0417/082602.030:ERROR:process_reader_win.cc(123)] NtOpenThread: {Access Denied} A process has requested access to an object, but has not been granted those access rights. (0xc0000022)
[0417/082602.031:ERROR:exception_snapshot_win.cc(98)] thread ID 13956 not found in process
[0417/082602.094:ERROR:process_reader_win.cc(151)] SuspendThread: Access is denied. (0x5)
[0417/082602.095:ERROR:process_reader_win.cc(151)] SuspendThread: Access is denied. (0x5)
[0417/082602.095:ERROR:process_reader_win.cc(151)] SuspendThread: Access is denied. (0x5)
[0417/082602.095:ERROR:process_reader_win.cc(151)] SuspendThread: Access is denied. (0x5)
[0417/082602.095:ERROR:process_reader_win.cc(151)] SuspendThread: Access is denied. (0x5)
[0417/082602.095:ERROR:process_reader_win.cc(123)] NtOpenThread: {Access Denied} A process has requested access to an object, but has not been granted those access rights. (0xc0000022)
[0417/082602.096:ERROR:exception_snapshot_win.cc(98)] thread ID 12604 not found in process
[0417/082602.227:ERROR:process_reader_win.cc(151)] SuspendThread: Access is denied. (0x5)
[0417/082602.228:ERROR:process_reader_win.cc(151)] SuspendThread: Access is denied. (0x5)
[0417/082602.228:ERROR:process_reader_win.cc(151)] SuspendThread: Access is denied. (0x5)
[0417/082602.228:ERROR:process_reader_win.cc(151)] SuspendThread: Access is denied. (0x5)
[0417/082602.228:ERROR:process_reader_win.cc(151)] SuspendThread: Access is denied. (0x5)
[0417/082602.228:ERROR:process_reader_win.cc(151)] SuspendThread: Access is denied. (0x5)
[0417/082602.228:ERROR:process_reader_win.cc(123)] NtOpenThread: {Access Denied} A process has requested access to an object, but has not been granted those access rights. (0xc0000022)
[0417/082602.229:ERROR:exception_snapshot_win.cc(98)] thread ID 17472 not found in process
[0417/082602.287:ERROR:process_reader_win.cc(151)] SuspendThread: Access is denied. (0x5)
[0417/082602.288:ERROR:process_reader_win.cc(151)] SuspendThread: Access is denied. (0x5)
[0417/082602.288:ERROR:process_reader_win.cc(151)] SuspendThread: Access is denied. (0x5)
[0417/082602.288:ERROR:process_reader_win.cc(151)] SuspendThread: Access is denied. (0x5)
[0417/082602.288:ERROR:process_reader_win.cc(123)] NtOpenThread: {Access Denied} A process has requested access to an object, but has not been granted those access rights. (0xc0000022)
[0417/082602.289:ERROR:exception_snapshot_win.cc(98)] thread ID 17536 not found in process
[0417/133946.422:ERROR:process_reader_win.cc(151)] SuspendThread: Access is denied. (0x5)
[0417/133946.425:ERROR:process_reader_win.cc(151)] SuspendThread: Access is denied. (0x5)
[0417/133946.425:ERROR:process_reader_win.cc(123)] NtOpenThread: {Access Denied} A process has requested access to an object, but has not been granted those access rights. (0xc0000022)
[0417/133946.426:ERROR:exception_snapshot_win.cc(98)] thread ID 1176 not found in process
[0417/232410.753:ERROR:file_io_win.cc(161)] CreateFile C:\Users\mauguzun\AppData\Local\Temp\scoped_dir37208_22737\Crashpad\settings.dat: The system cannot find the path specified. (0x3)
[0417/232410.755:ERROR:file_io_win.cc(170)] CreateFile C:\Users\mauguzun\AppData\Local\Temp\scoped_dir37208_22737\Crashpad\reports\f3320e06-cdc0-432e-8c3c-8ab8633426af.dmp: The system cannot find the path specified. (0x3)
[0417/232410.755:ERROR:crash_report_exception_handler.cc(97)] PrepareNewCrashReport failed
[0418/072343.257:ERROR:process_reader_win.cc(151)] SuspendThread: Access is denied. (0x5)
[0418/072343.259:ERROR:process_reader_win.cc(151)] SuspendThread: Access is denied. (0x5)
[0418/072343.259:ERROR:process_reader_win.cc(151)] SuspendThread: Access is denied. (0x5)
[0418/072343.259:ERROR:process_reader_win.cc(151)] SuspendThread: Access is denied. (0x5)
[0418/072343.259:ERROR:process_reader_win.cc(151)] SuspendThread: Access is denied. (0x5)
[0418/072343.259:ERROR:process_reader_win.cc(151)] SuspendThread: Access is denied. (0x5)
[0418/072343.259:ERROR:process_reader_win.cc(151)] SuspendThread: Access is denied. (0x5)
[0418/072343.259:ERROR:process_reader_win.cc(123)] NtOpenThread: {Access Denied} A process has requested access to an object, but has not been granted those access rights. (0xc0000022)
[0418/072343.261:ERROR:exception_snapshot_win.cc(98)] thread ID 46152 not found in process
[0418/093901.535:ERROR:prune_crash_reports.cc(34)] PruneCrashReportDatabase: Failed to get pending reports
[0418/110415.707:ERROR:process_reader_win.cc(151)] SuspendThread: Access is denied. (0x5)
[0418/110415.709:ERROR:process_reader_win.cc(151)] SuspendThread: Access is denied. (0x5)
[0418/110415.709:ERROR:process_reader_win.cc(151)] SuspendThread: Access is denied. (0x5)
[0418/110415.709:ERROR:process_reader_win.cc(151)] SuspendThread: Access is denied. (0x5)
[0418/110415.709:ERROR:process_reader_win.cc(151)] SuspendThread: Access is denied. (0x5)
[0418/110415.709:ERROR:process_reader_win.cc(151)] SuspendThread: Access is denied. (0x5)
[0418/110415.709:ERROR:process_reader_win.cc(123)] NtOpenThread: {Access Denied} A process has requested access to an object, but has not been granted those access rights. (0xc0000022)
[0418/110415.710:ERROR:exception_snapshot_win.cc(98)] thread ID 72424 not found in process
